0 verbose cli /usr/bin/node /usr/bin/npm
1 info using npm@9.2.0
2 info using node@v18.19.1
3 timing npm:load:whichnode Completed in 0ms
4 timing config:load:defaults Completed in 3ms
5 timing config:load:file:/usr/share/nodejs/npm/npmrc Completed in 7ms
6 timing config:load:builtin Completed in 8ms
7 timing config:load:cli Completed in 2ms
8 timing config:load:env Completed in 1ms
9 timing config:load:project Completed in 4ms
10 timing config:load:file:/home/ubuntu/.npmrc Completed in 0ms
11 timing config:load:user Completed in 0ms
12 timing config:load:file:/etc/npmrc Completed in 0ms
13 timing config:load:global Completed in 0ms
14 timing config:load:setEnvs Completed in 2ms
15 timing config:load Completed in 21ms
16 timing npm:load:configload Completed in 21ms
17 timing npm:load:mkdirpcache Completed in 0ms
18 timing npm:load:mkdirplogs Completed in 1ms
19 verbose title npm install express
20 verbose argv "install" "express"
21 timing npm:load:setTitle Completed in 2ms
22 timing config:load:flatten Completed in 6ms
23 timing npm:load:display Completed in 7ms
24 verbose logfile logs-max:10 dir:/home/ubuntu/.npm/_logs/2024-07-21T14_04_27_491Z-
25 verbose logfile /home/ubuntu/.npm/_logs/2024-07-21T14_04_27_491Z-debug-0.log
26 timing npm:load:logFile Completed in 11ms
27 timing npm:load:timers Completed in 0ms
28 timing npm:load:configScope Completed in 0ms
29 timing npm:load Completed in 45ms
30 silly logfile done cleaning log files
31 timing config:load:flatten Completed in 0ms
32 timing arborist:ctor Completed in 1ms
33 timing arborist:ctor Completed in 1ms
34 timing idealTree:init Completed in 23ms
35 timing idealTree:userRequests Completed in 9ms
36 silly idealTree buildDeps
37 silly fetch manifest express@*
38 http fetch GET 200 https://registry.npmjs.org/express 239ms (cache miss)
39 silly placeDep ROOT express@4.19.2 OK for: ubuntu@1.0.0 want: *
40 silly fetch manifest qs@6.11.0
41 silly fetch manifest depd@2.0.0
42 silly fetch manifest etag@~1.8.1
43 silly fetch manifest send@0.18.0
44 silly fetch manifest vary@~1.1.2
45 silly fetch manifest debug@2.6.9
46 silly fetch manifest fresh@0.5.2
47 silly fetch manifest cookie@0.6.0
48 silly fetch manifest accepts@~1.3.8
49 silly fetch manifest methods@~1.1.2
50 silly fetch manifest type-is@~1.6.18
51 silly fetch manifest parseurl@~1.3.3
52 silly fetch manifest statuses@2.0.1
53 silly fetch manifest encodeurl@~1.0.2
54 silly fetch manifest proxy-addr@~2.0.7
55 silly fetch manifest body-parser@1.20.2
56 silly fetch manifest escape-html@~1.0.3
57 silly fetch manifest http-errors@2.0.0
58 silly fetch manifest on-finished@2.4.1
59 silly fetch manifest safe-buffer@5.2.1
60 silly fetch manifest utils-merge@1.0.1
61 silly fetch manifest content-type@~1.0.4
62 silly fetch manifest finalhandler@1.2.0
63 silly fetch manifest range-parser@~1.2.1
64 silly fetch manifest serve-static@1.15.0
65 silly fetch manifest array-flatten@1.1.1
66 silly fetch manifest path-to-regexp@0.1.7
67 silly fetch manifest setprototypeof@1.2.0
68 silly fetch manifest cookie-signature@1.0.6
69 silly fetch manifest merge-descriptors@1.0.1
70 silly fetch manifest content-disposition@0.5.4
71 http fetch GET 200 https://registry.npmjs.org/qs 139ms (cache miss)
72 http fetch GET 200 https://registry.npmjs.org/vary 304ms (cache miss)
73 http fetch GET 200 https://registry.npmjs.org/fresh 306ms (cache miss)
74 http fetch GET 200 https://registry.npmjs.org/parseurl 304ms (cache miss)
75 http fetch GET 200 https://registry.npmjs.org/statuses 307ms (cache miss)
76 http fetch GET 200 https://registry.npmjs.org/methods 309ms (cache miss)
77 http fetch GET 200 https://registry.npmjs.org/etag 315ms (cache miss)
78 http fetch GET 200 https://registry.npmjs.org/depd 316ms (cache miss)
79 http fetch GET 200 https://registry.npmjs.org/accepts 315ms (cache miss)
80 http fetch GET 200 https://registry.npmjs.org/encodeurl 313ms (cache miss)
81 http fetch GET 200 https://registry.npmjs.org/content-type 308ms (cache miss)
82 http fetch GET 200 https://registry.npmjs.org/proxy-addr 316ms (cache miss)
83 http fetch GET 200 https://registry.npmjs.org/cookie 321ms (cache miss)
84 http fetch GET 200 https://registry.npmjs.org/on-finished 316ms (cache miss)
85 http fetch GET 200 https://registry.npmjs.org/escape-html 318ms (cache miss)
86 http fetch GET 200 https://registry.npmjs.org/utils-merge 316ms (cache miss)
87 http fetch GET 200 https://registry.npmjs.org/body-parser 324ms (cache miss)
88 http fetch GET 200 https://registry.npmjs.org/safe-buffer 324ms (cache miss)
89 http fetch GET 200 https://registry.npmjs.org/range-parser 319ms (cache miss)
90 http fetch GET 200 https://registry.npmjs.org/content-disposition 315ms (cache miss)
91 http fetch GET 200 https://registry.npmjs.org/merge-descriptors 316ms (cache miss)
92 http fetch GET 200 https://registry.npmjs.org/array-flatten 320ms (cache miss)
93 http fetch GET 200 https://registry.npmjs.org/cookie-signature 319ms (cache miss)
94 http fetch GET 200 https://registry.npmjs.org/setprototypeof 320ms (cache miss)
95 http fetch GET 200 https://registry.npmjs.org/type-is 334ms (cache miss)
96 http fetch GET 200 https://registry.npmjs.org/send 339ms (cache miss)
97 http fetch GET 200 https://registry.npmjs.org/http-errors 333ms (cache miss)
98 http fetch GET 200 https://registry.npmjs.org/finalhandler 328ms (cache miss)
99 http fetch GET 200 https://registry.npmjs.org/serve-static 328ms (cache miss)
100 http fetch GET 200 https://registry.npmjs.org/debug 345ms (cache miss)
101 http fetch GET 200 https://registry.npmjs.org/path-to-regexp 330ms (cache miss)
102 timing idealTree:#root Completed in 617ms
103 silly placeDep ROOT accepts@1.3.8 OK for: express@4.19.2 want: ~1.3.8
104 silly placeDep ROOT array-flatten@1.1.1 OK for: express@4.19.2 want: 1.1.1
105 silly placeDep ROOT body-parser@1.20.2 OK for: express@4.19.2 want: 1.20.2
106 silly placeDep ROOT content-disposition@0.5.4 OK for: express@4.19.2 want: 0.5.4
107 silly placeDep ROOT content-type@1.0.5 OK for: express@4.19.2 want: ~1.0.4
108 silly placeDep ROOT cookie@0.6.0 OK for: express@4.19.2 want: 0.6.0
109 silly placeDep ROOT cookie-signature@1.0.6 OK for: express@4.19.2 want: 1.0.6
110 silly placeDep ROOT debug@2.6.9 OK for: express@4.19.2 want: 2.6.9
111 silly placeDep ROOT depd@2.0.0 OK for: express@4.19.2 want: 2.0.0
112 silly placeDep ROOT encodeurl@1.0.2 OK for: express@4.19.2 want: ~1.0.2
113 silly placeDep ROOT escape-html@1.0.3 OK for: express@4.19.2 want: ~1.0.3
114 silly placeDep ROOT etag@1.8.1 OK for: express@4.19.2 want: ~1.8.1
115 silly placeDep ROOT finalhandler@1.2.0 OK for: express@4.19.2 want: 1.2.0
116 silly placeDep ROOT fresh@0.5.2 OK for: express@4.19.2 want: 0.5.2
117 silly placeDep ROOT http-errors@2.0.0 OK for: express@4.19.2 want: 2.0.0
118 silly placeDep ROOT merge-descriptors@1.0.1 OK for: express@4.19.2 want: 1.0.1
119 silly placeDep ROOT methods@1.1.2 OK for: express@4.19.2 want: ~1.1.2
120 silly placeDep ROOT on-finished@2.4.1 OK for: express@4.19.2 want: 2.4.1
121 silly placeDep ROOT parseurl@1.3.3 OK for: express@4.19.2 want: ~1.3.3
122 silly placeDep ROOT path-to-regexp@0.1.7 OK for: express@4.19.2 want: 0.1.7
123 silly placeDep ROOT proxy-addr@2.0.7 OK for: express@4.19.2 want: ~2.0.7
124 silly placeDep ROOT qs@6.11.0 OK for: express@4.19.2 want: 6.11.0
125 silly placeDep ROOT range-parser@1.2.1 OK for: express@4.19.2 want: ~1.2.1
126 silly placeDep ROOT safe-buffer@5.2.1 OK for: express@4.19.2 want: 5.2.1
127 silly placeDep ROOT send@0.18.0 OK for: express@4.19.2 want: 0.18.0
128 silly placeDep ROOT serve-static@1.15.0 OK for: express@4.19.2 want: 1.15.0
129 silly placeDep ROOT setprototypeof@1.2.0 OK for: express@4.19.2 want: 1.2.0
130 silly placeDep ROOT statuses@2.0.1 OK for: express@4.19.2 want: 2.0.1
131 silly placeDep ROOT type-is@1.6.18 OK for: express@4.19.2 want: ~1.6.18
132 silly placeDep ROOT utils-merge@1.0.1 OK for: express@4.19.2 want: 1.0.1
133 silly placeDep ROOT vary@1.1.2 OK for: express@4.19.2 want: ~1.1.2
134 silly fetch manifest mime-types@~2.1.34
135 silly fetch manifest negotiator@0.6.3
136 silly fetch manifest bytes@3.1.2
137 silly fetch manifest unpipe@1.0.0
138 silly fetch manifest destroy@1.2.0
139 silly fetch manifest raw-body@2.5.2
140 silly fetch manifest iconv-lite@0.4.24
141 silly fetch manifest ms@2.0.0
142 silly fetch manifest unpipe@~1.0.0
143 silly fetch manifest inherits@2.0.4
144 silly fetch manifest toidentifier@1.0.1
145 silly fetch manifest ee-first@1.1.1
146 silly fetch manifest forwarded@0.2.0
147 silly fetch manifest ipaddr.js@1.9.1
148 silly fetch manifest side-channel@^1.0.4
149 silly fetch manifest ms@2.1.3
150 silly fetch manifest mime@1.6.0
151 silly fetch manifest media-typer@0.3.0
152 silly fetch manifest mime-types@~2.1.24
153 http fetch GET 200 https://registry.npmjs.org/unpipe 163ms (cache miss)
154 http fetch GET 200 https://registry.npmjs.org/ee-first 156ms (cache miss)
155 http fetch GET 200 https://registry.npmjs.org/destroy 168ms (cache miss)
156 http fetch GET 200 https://registry.npmjs.org/inherits 162ms (cache miss)
157 http fetch GET 200 https://registry.npmjs.org/toidentifier 162ms (cache miss)
158 http fetch GET 200 https://registry.npmjs.org/unpipe 166ms (cache miss)
159 http fetch GET 200 https://registry.npmjs.org/forwarded 163ms (cache miss)
160 http fetch GET 200 https://registry.npmjs.org/bytes 175ms (cache miss)
161 http fetch GET 200 https://registry.npmjs.org/negotiator 176ms (cache miss)
162 http fetch GET 200 https://registry.npmjs.org/side-channel 165ms (cache miss)
163 http fetch GET 200 https://registry.npmjs.org/ms 165ms (cache miss)
164 http fetch GET 200 https://registry.npmjs.org/ms 174ms (cache miss)
165 http fetch GET 200 https://registry.npmjs.org/ipaddr.js 169ms (cache miss)
166 http fetch GET 200 https://registry.npmjs.org/media-typer 164ms (cache miss)
167 http fetch GET 200 https://registry.npmjs.org/iconv-lite 177ms (cache miss)
168 http fetch GET 200 https://registry.npmjs.org/raw-body 180ms (cache miss)
169 http fetch GET 200 https://registry.npmjs.org/mime-types 186ms (cache miss)
170 http fetch GET 200 https://registry.npmjs.org/mime 170ms (cache miss)
171 http fetch GET 200 https://registry.npmjs.org/mime-types 170ms (cache miss)
172 timing idealTree:node_modules/express Completed in 261ms
173 silly placeDep ROOT mime-types@2.1.35 OK for: accepts@1.3.8 want: ~2.1.34
174 silly placeDep ROOT negotiator@0.6.3 OK for: accepts@1.3.8 want: 0.6.3
175 silly fetch manifest mime-db@1.52.0
176 http fetch GET 200 https://registry.npmjs.org/mime-db 54ms (cache miss)
177 timing idealTree:node_modules/accepts Completed in 64ms
178 timing idealTree:node_modules/array-flatten Completed in 1ms
179 silly placeDep ROOT bytes@3.1.2 OK for: body-parser@1.20.2 want: 3.1.2
180 silly placeDep ROOT destroy@1.2.0 OK for: body-parser@1.20.2 want: 1.2.0
181 silly placeDep ROOT iconv-lite@0.4.24 OK for: body-parser@1.20.2 want: 0.4.24
182 silly placeDep ROOT raw-body@2.5.2 OK for: body-parser@1.20.2 want: 2.5.2
183 silly placeDep ROOT unpipe@1.0.0 OK for: body-parser@1.20.2 want: 1.0.0
184 silly fetch manifest safer-buffer@>= 2.1.2 < 3
185 http fetch GET 200 https://registry.npmjs.org/safer-buffer 53ms (cache miss)
186 timing idealTree:node_modules/body-parser Completed in 62ms
187 timing idealTree:node_modules/bytes Completed in 0ms
188 timing idealTree:node_modules/content-disposition Completed in 0ms
189 timing idealTree:node_modules/content-type Completed in 0ms
190 timing idealTree:node_modules/cookie Completed in 0ms
191 timing idealTree:node_modules/cookie-signature Completed in 0ms
192 silly placeDep ROOT ms@2.0.0 OK for: debug@2.6.9 want: 2.0.0
193 timing idealTree:node_modules/debug Completed in 2ms
194 timing idealTree:node_modules/depd Completed in 0ms
195 timing idealTree:node_modules/destroy Completed in 0ms
196 timing idealTree:node_modules/encodeurl Completed in 0ms
197 timing idealTree:node_modules/escape-html Completed in 0ms
198 timing idealTree:node_modules/etag Completed in 0ms
199 timing idealTree:node_modules/finalhandler Completed in 0ms
200 timing idealTree:node_modules/fresh Completed in 0ms
201 silly placeDep ROOT inherits@2.0.4 OK for: http-errors@2.0.0 want: 2.0.4
202 silly placeDep ROOT toidentifier@1.0.1 OK for: http-errors@2.0.0 want: 1.0.1
203 timing idealTree:node_modules/http-errors Completed in 3ms
204 silly placeDep ROOT safer-buffer@2.1.2 OK for: iconv-lite@0.4.24 want: >= 2.1.2 < 3
205 timing idealTree:node_modules/iconv-lite Completed in 1ms
206 timing idealTree:node_modules/inherits Completed in 0ms
207 timing idealTree:node_modules/merge-descriptors Completed in 0ms
208 timing idealTree:node_modules/methods Completed in 0ms
209 silly placeDep ROOT mime-db@1.52.0 OK for: mime-types@2.1.35 want: 1.52.0
210 timing idealTree:node_modules/mime-types Completed in 1ms
211 timing idealTree:node_modules/mime-db Completed in 0ms
212 timing idealTree:node_modules/ms Completed in 0ms
213 timing idealTree:node_modules/negotiator Completed in 0ms
214 silly placeDep ROOT ee-first@1.1.1 OK for: on-finished@2.4.1 want: 1.1.1
215 timing idealTree:node_modules/on-finished Completed in 1ms
216 timing idealTree:node_modules/ee-first Completed in 0ms
217 timing idealTree:node_modules/parseurl Completed in 0ms
218 timing idealTree:node_modules/path-to-regexp Completed in 0ms
219 silly placeDep ROOT forwarded@0.2.0 OK for: proxy-addr@2.0.7 want: 0.2.0
220 silly placeDep ROOT ipaddr.js@1.9.1 OK for: proxy-addr@2.0.7 want: 1.9.1
221 timing idealTree:node_modules/proxy-addr Completed in 2ms
222 timing idealTree:node_modules/forwarded Completed in 0ms
223 timing idealTree:node_modules/ipaddr.js Completed in 0ms
224 silly placeDep ROOT side-channel@1.0.6 OK for: qs@6.11.0 want: ^1.0.4
225 silly fetch manifest call-bind@^1.0.7
226 silly fetch manifest es-errors@^1.3.0
227 silly fetch manifest get-intrinsic@^1.2.4
228 silly fetch manifest object-inspect@^1.13.1
229 http fetch GET 200 https://registry.npmjs.org/call-bind 37ms (cache miss)
230 http fetch GET 200 https://registry.npmjs.org/es-errors 51ms (cache miss)
231 http fetch GET 200 https://registry.npmjs.org/object-inspect 51ms (cache miss)
232 http fetch GET 200 https://registry.npmjs.org/get-intrinsic 109ms (cache miss)
233 timing idealTree:node_modules/qs Completed in 115ms
234 timing idealTree:node_modules/range-parser Completed in 0ms
235 timing idealTree:node_modules/raw-body Completed in 0ms
236 timing idealTree:node_modules/safe-buffer Completed in 0ms
237 timing idealTree:node_modules/safer-buffer Completed in 0ms
238 silly placeDep ROOT mime@1.6.0 OK for: send@0.18.0 want: 1.6.0
239 silly placeDep node_modules/send ms@2.1.3 OK for: send@0.18.0 want: 2.1.3
240 timing idealTree:node_modules/send Completed in 5ms
241 timing idealTree:node_modules/mime Completed in 0ms
242 timing idealTree:node_modules/serve-static Completed in 0ms
243 timing idealTree:node_modules/setprototypeof Completed in 0ms
244 silly placeDep ROOT call-bind@1.0.7 OK for: side-channel@1.0.6 want: ^1.0.7
245 silly placeDep ROOT es-errors@1.3.0 OK for: side-channel@1.0.6 want: ^1.3.0
246 silly placeDep ROOT get-intrinsic@1.2.4 OK for: side-channel@1.0.6 want: ^1.2.4
247 silly placeDep ROOT object-inspect@1.13.2 OK for: side-channel@1.0.6 want: ^1.13.1
248 silly fetch manifest es-define-property@^1.0.0
249 silly fetch manifest function-bind@^1.1.2
250 silly fetch manifest set-function-length@^1.2.1
251 silly fetch manifest has-proto@^1.0.1
252 silly fetch manifest has-symbols@^1.0.3
253 silly fetch manifest hasown@^2.0.0
254 http fetch GET 200 https://registry.npmjs.org/es-define-property 48ms (cache miss)
255 http fetch GET 200 https://registry.npmjs.org/hasown 56ms (cache miss)
256 http fetch GET 200 https://registry.npmjs.org/function-bind 62ms (cache miss)
257 http fetch GET 200 https://registry.npmjs.org/has-proto 608ms (cache miss)
258 http fetch GET 200 https://registry.npmjs.org/set-function-length 611ms (cache miss)
259 http fetch GET 200 https://registry.npmjs.org/has-symbols 621ms (cache miss)
260 timing idealTree:node_modules/side-channel Completed in 639ms
261 silly placeDep ROOT es-define-property@1.0.0 OK for: call-bind@1.0.7 want: ^1.0.0
262 silly placeDep ROOT function-bind@1.1.2 OK for: call-bind@1.0.7 want: ^1.1.2
263 silly placeDep ROOT set-function-length@1.2.2 OK for: call-bind@1.0.7 want: ^1.2.1
264 silly fetch manifest define-data-property@^1.1.4
265 silly fetch manifest gopd@^1.0.1
266 silly fetch manifest has-property-descriptors@^1.0.2
267 http fetch GET 200 https://registry.npmjs.org/gopd 572ms (cache miss)
268 http fetch GET 200 https://registry.npmjs.org/define-data-property 620ms (cache miss)
269 http fetch GET 200 https://registry.npmjs.org/has-property-descriptors 641ms (cache miss)
270 timing idealTree:node_modules/call-bind Completed in 653ms
271 timing idealTree:node_modules/es-define-property Completed in 0ms
272 timing idealTree:node_modules/es-errors Completed in 0ms
273 timing idealTree:node_modules/function-bind Completed in 0ms
274 silly placeDep ROOT has-proto@1.0.3 OK for: get-intrinsic@1.2.4 want: ^1.0.1
275 silly placeDep ROOT has-symbols@1.0.3 OK for: get-intrinsic@1.2.4 want: ^1.0.3
276 silly placeDep ROOT hasown@2.0.2 OK for: get-intrinsic@1.2.4 want: ^2.0.0
277 timing idealTree:node_modules/get-intrinsic Completed in 9ms
278 timing idealTree:node_modules/has-proto Completed in 0ms
279 timing idealTree:node_modules/has-symbols Completed in 0ms
280 timing idealTree:node_modules/hasown Completed in 0ms
281 timing idealTree:node_modules/object-inspect Completed in 0ms
282 silly placeDep ROOT define-data-property@1.1.4 OK for: set-function-length@1.2.2 want: ^1.1.4
283 silly placeDep ROOT gopd@1.0.1 OK for: set-function-length@1.2.2 want: ^1.0.1
284 silly placeDep ROOT has-property-descriptors@1.0.2 OK for: set-function-length@1.2.2 want: ^1.0.2
285 timing idealTree:node_modules/set-function-length Completed in 4ms
286 timing idealTree:node_modules/define-data-property Completed in 0ms
287 timing idealTree:node_modules/gopd Completed in 0ms
288 timing idealTree:node_modules/has-property-descriptors Completed in 0ms
289 timing idealTree:node_modules/statuses Completed in 0ms
290 timing idealTree:node_modules/toidentifier Completed in 0ms
291 silly placeDep ROOT media-typer@0.3.0 OK for: type-is@1.6.18 want: 0.3.0
292 timing idealTree:node_modules/type-is Completed in 1ms
293 timing idealTree:node_modules/media-typer Completed in 0ms
294 timing idealTree:node_modules/unpipe Completed in 0ms
295 timing idealTree:node_modules/utils-merge Completed in 0ms
296 timing idealTree:node_modules/vary Completed in 0ms
297 timing idealTree:node_modules/send/node_modules/ms Completed in 0ms
298 timing idealTree:buildDeps Completed in 2451ms
299 timing idealTree:fixDepFlags Completed in 2ms
300 timing idealTree Completed in 2489ms
301 timing reify:loadTrees Completed in 2490ms
302 timing reify:diffTrees Completed in 3ms
303 silly reify moves {}
304 timing reify:retireShallow Completed in 2ms
305 timing reify:createSparse Completed in 10ms
306 timing reify:loadBundles Completed in 0ms
307 silly audit bulk request {
307 silly audit   express: [ '4.19.2' ],
307 silly audit   accepts: [ '1.3.8' ],
307 silly audit   'array-flatten': [ '1.1.1' ],
307 silly audit   'body-parser': [ '1.20.2' ],
307 silly audit   'content-disposition': [ '0.5.4' ],
307 silly audit   'content-type': [ '1.0.5' ],
307 silly audit   cookie: [ '0.6.0' ],
307 silly audit   'cookie-signature': [ '1.0.6' ],
307 silly audit   debug: [ '2.6.9' ],
307 silly audit   depd: [ '2.0.0' ],
307 silly audit   encodeurl: [ '1.0.2' ],
307 silly audit   'escape-html': [ '1.0.3' ],
307 silly audit   etag: [ '1.8.1' ],
307 silly audit   finalhandler: [ '1.2.0' ],
307 silly audit   fresh: [ '0.5.2' ],
307 silly audit   'http-errors': [ '2.0.0' ],
307 silly audit   'merge-descriptors': [ '1.0.1' ],
307 silly audit   methods: [ '1.1.2' ],
307 silly audit   'on-finished': [ '2.4.1' ],
307 silly audit   parseurl: [ '1.3.3' ],
307 silly audit   'path-to-regexp': [ '0.1.7' ],
307 silly audit   'proxy-addr': [ '2.0.7' ],
307 silly audit   qs: [ '6.11.0' ],
307 silly audit   'range-parser': [ '1.2.1' ],
307 silly audit   'safe-buffer': [ '5.2.1' ],
307 silly audit   send: [ '0.18.0' ],
307 silly audit   'serve-static': [ '1.15.0' ],
307 silly audit   setprototypeof: [ '1.2.0' ],
307 silly audit   statuses: [ '2.0.1' ],
307 silly audit   'type-is': [ '1.6.18' ],
307 silly audit   'utils-merge': [ '1.0.1' ],
307 silly audit   vary: [ '1.1.2' ],
307 silly audit   'mime-types': [ '2.1.35' ],
307 silly audit   negotiator: [ '0.6.3' ],
307 silly audit   bytes: [ '3.1.2' ],
307 silly audit   destroy: [ '1.2.0' ],
307 silly audit   'iconv-lite': [ '0.4.24' ],
307 silly audit   'raw-body': [ '2.5.2' ],
307 silly audit   unpipe: [ '1.0.0' ],
307 silly audit   ms: [ '2.0.0', '2.1.3' ],
307 silly audit   inherits: [ '2.0.4' ],
307 silly audit   toidentifier: [ '1.0.1' ],
307 silly audit   'safer-buffer': [ '2.1.2' ],
307 silly audit   'mime-db': [ '1.52.0' ],
307 silly audit   'ee-first': [ '1.1.1' ],
307 silly audit   forwarded: [ '0.2.0' ],
307 silly audit   'ipaddr.js': [ '1.9.1' ],
307 silly audit   'side-channel': [ '1.0.6' ],
307 silly audit   mime: [ '1.6.0' ],
307 silly audit   'call-bind': [ '1.0.7' ],
307 silly audit   'es-errors': [ '1.3.0' ],
307 silly audit   'get-intrinsic': [ '1.2.4' ],
307 silly audit   'object-inspect': [ '1.13.2' ],
307 silly audit   'es-define-property': [ '1.0.0' ],
307 silly audit   'function-bind': [ '1.1.2' ],
307 silly audit   'set-function-length': [ '1.2.2' ],
307 silly audit   'has-proto': [ '1.0.3' ],
307 silly audit   'has-symbols': [ '1.0.3' ],
307 silly audit   hasown: [ '2.0.2' ],
307 silly audit   'define-data-property': [ '1.1.4' ],
307 silly audit   gopd: [ '1.0.1' ],
307 silly audit   'has-property-descriptors': [ '1.0.2' ],
307 silly audit   'media-typer': [ '0.3.0' ]
307 silly audit }
308 silly tarball no local data for has-property-descriptors@https://registry.npmjs.org/has-property-descriptors/-/has-property-descriptors-1.0.2.tgz. Extracting by manifest.
309 silly tarball no local data for gopd@https://registry.npmjs.org/gopd/-/gopd-1.0.1.tgz. Extracting by manifest.
310 silly tarball no local data for define-data-property@https://registry.npmjs.org/define-data-property/-/define-data-property-1.1.4.tgz. Extracting by manifest.
311 silly tarball no local data for hasown@https://registry.npmjs.org/hasown/-/hasown-2.0.2.tgz. Extracting by manifest.
312 silly tarball no local data for has-symbols@https://registry.npmjs.org/has-symbols/-/has-symbols-1.0.3.tgz. Extracting by manifest.
313 silly tarball no local data for has-proto@https://registry.npmjs.org/has-proto/-/has-proto-1.0.3.tgz. Extracting by manifest.
314 silly tarball no local data for set-function-length@https://registry.npmjs.org/set-function-length/-/set-function-length-1.2.2.tgz. Extracting by manifest.
315 silly tarball no local data for function-bind@https://registry.npmjs.org/function-bind/-/function-bind-1.1.2.tgz. Extracting by manifest.
316 silly tarball no local data for es-define-property@https://registry.npmjs.org/es-define-property/-/es-define-property-1.0.0.tgz. Extracting by manifest.
317 silly tarball no local data for object-inspect@https://registry.npmjs.org/object-inspect/-/object-inspect-1.13.2.tgz. Extracting by manifest.
318 silly tarball no local data for media-typer@https://registry.npmjs.org/media-typer/-/media-typer-0.3.0.tgz. Extracting by manifest.
319 silly tarball no local data for get-intrinsic@https://registry.npmjs.org/get-intrinsic/-/get-intrinsic-1.2.4.tgz. Extracting by manifest.
320 silly tarball no local data for es-errors@https://registry.npmjs.org/es-errors/-/es-errors-1.3.0.tgz. Extracting by manifest.
321 silly tarball no local data for call-bind@https://registry.npmjs.org/call-bind/-/call-bind-1.0.7.tgz. Extracting by manifest.
322 silly tarball no local data for mime@https://registry.npmjs.org/mime/-/mime-1.6.0.tgz. Extracting by manifest.
323 silly tarball no local data for side-channel@https://registry.npmjs.org/side-channel/-/side-channel-1.0.6.tgz. Extracting by manifest.
324 silly tarball no local data for ipaddr.js@https://registry.npmjs.org/ipaddr.js/-/ipaddr.js-1.9.1.tgz. Extracting by manifest.
325 silly tarball no local data for forwarded@https://registry.npmjs.org/forwarded/-/forwarded-0.2.0.tgz. Extracting by manifest.
326 silly tarball no local data for ee-first@https://registry.npmjs.org/ee-first/-/ee-first-1.1.1.tgz. Extracting by manifest.
327 silly tarball no local data for mime-db@https://registry.npmjs.org/mime-db/-/mime-db-1.52.0.tgz. Extracting by manifest.
328 silly tarball no local data for safer-buffer@https://registry.npmjs.org/safer-buffer/-/safer-buffer-2.1.2.tgz. Extracting by manifest.
329 silly tarball no local data for toidentifier@https://registry.npmjs.org/toidentifier/-/toidentifier-1.0.1.tgz. Extracting by manifest.
330 silly tarball no local data for inherits@https://registry.npmjs.org/inherits/-/inherits-2.0.4.tgz. Extracting by manifest.
331 silly tarball no local data for ms@https://registry.npmjs.org/ms/-/ms-2.0.0.tgz. Extracting by manifest.
332 silly tarball no local data for unpipe@https://registry.npmjs.org/unpipe/-/unpipe-1.0.0.tgz. Extracting by manifest.
333 silly tarball no local data for raw-body@https://registry.npmjs.org/raw-body/-/raw-body-2.5.2.tgz. Extracting by manifest.
334 silly tarball no local data for iconv-lite@https://registry.npmjs.org/iconv-lite/-/iconv-lite-0.4.24.tgz. Extracting by manifest.
335 silly tarball no local data for destroy@https://registry.npmjs.org/destroy/-/destroy-1.2.0.tgz. Extracting by manifest.
336 silly tarball no local data for bytes@https://registry.npmjs.org/bytes/-/bytes-3.1.2.tgz. Extracting by manifest.
337 silly tarball no local data for negotiator@https://registry.npmjs.org/negotiator/-/negotiator-0.6.3.tgz. Extracting by manifest.
338 silly tarball no local data for mime-types@https://registry.npmjs.org/mime-types/-/mime-types-2.1.35.tgz. Extracting by manifest.
339 silly tarball no local data for vary@https://registry.npmjs.org/vary/-/vary-1.1.2.tgz. Extracting by manifest.
340 silly tarball no local data for utils-merge@https://registry.npmjs.org/utils-merge/-/utils-merge-1.0.1.tgz. Extracting by manifest.
341 silly tarball no local data for type-is@https://registry.npmjs.org/type-is/-/type-is-1.6.18.tgz. Extracting by manifest.
342 silly tarball no local data for statuses@https://registry.npmjs.org/statuses/-/statuses-2.0.1.tgz. Extracting by manifest.
343 silly tarball no local data for setprototypeof@https://registry.npmjs.org/setprototypeof/-/setprototypeof-1.2.0.tgz. Extracting by manifest.
344 silly tarball no local data for serve-static@https://registry.npmjs.org/serve-static/-/serve-static-1.15.0.tgz. Extracting by manifest.
345 silly tarball no local data for send@https://registry.npmjs.org/send/-/send-0.18.0.tgz. Extracting by manifest.
346 silly tarball no local data for safe-buffer@https://registry.npmjs.org/safe-buffer/-/safe-buffer-5.2.1.tgz. Extracting by manifest.
347 silly tarball no local data for range-parser@https://registry.npmjs.org/range-parser/-/range-parser-1.2.1.tgz. Extracting by manifest.
348 silly tarball no local data for qs@https://registry.npmjs.org/qs/-/qs-6.11.0.tgz. Extracting by manifest.
349 silly tarball no local data for proxy-addr@https://registry.npmjs.org/proxy-addr/-/proxy-addr-2.0.7.tgz. Extracting by manifest.
350 silly tarball no local data for path-to-regexp@https://registry.npmjs.org/path-to-regexp/-/path-to-regexp-0.1.7.tgz. Extracting by manifest.
351 silly tarball no local data for parseurl@https://registry.npmjs.org/parseurl/-/parseurl-1.3.3.tgz. Extracting by manifest.
352 silly tarball no local data for on-finished@https://registry.npmjs.org/on-finished/-/on-finished-2.4.1.tgz. Extracting by manifest.
353 silly tarball no local data for methods@https://registry.npmjs.org/methods/-/methods-1.1.2.tgz. Extracting by manifest.
354 silly tarball no local data for merge-descriptors@https://registry.npmjs.org/merge-descriptors/-/merge-descriptors-1.0.1.tgz. Extracting by manifest.
355 silly tarball no local data for http-errors@https://registry.npmjs.org/http-errors/-/http-errors-2.0.0.tgz. Extracting by manifest.
356 silly tarball no local data for fresh@https://registry.npmjs.org/fresh/-/fresh-0.5.2.tgz. Extracting by manifest.
357 silly tarball no local data for finalhandler@https://registry.npmjs.org/finalhandler/-/finalhandler-1.2.0.tgz. Extracting by manifest.
358 silly tarball no local data for etag@https://registry.npmjs.org/etag/-/etag-1.8.1.tgz. Extracting by manifest.
359 silly tarball no local data for escape-html@https://registry.npmjs.org/escape-html/-/escape-html-1.0.3.tgz. Extracting by manifest.
360 silly tarball no local data for encodeurl@https://registry.npmjs.org/encodeurl/-/encodeurl-1.0.2.tgz. Extracting by manifest.
361 silly tarball no local data for depd@https://registry.npmjs.org/depd/-/depd-2.0.0.tgz. Extracting by manifest.
362 silly tarball no local data for debug@https://registry.npmjs.org/debug/-/debug-2.6.9.tgz. Extracting by manifest.
363 silly tarball no local data for cookie-signature@https://registry.npmjs.org/cookie-signature/-/cookie-signature-1.0.6.tgz. Extracting by manifest.
364 silly tarball no local data for cookie@https://registry.npmjs.org/cookie/-/cookie-0.6.0.tgz. Extracting by manifest.
365 silly tarball no local data for content-type@https://registry.npmjs.org/content-type/-/content-type-1.0.5.tgz. Extracting by manifest.
366 silly tarball no local data for content-disposition@https://registry.npmjs.org/content-disposition/-/content-disposition-0.5.4.tgz. Extracting by manifest.
367 silly tarball no local data for body-parser@https://registry.npmjs.org/body-parser/-/body-parser-1.20.2.tgz. Extracting by manifest.
368 silly tarball no local data for array-flatten@https://registry.npmjs.org/array-flatten/-/array-flatten-1.1.1.tgz. Extracting by manifest.
369 silly tarball no local data for accepts@https://registry.npmjs.org/accepts/-/accepts-1.3.8.tgz. Extracting by manifest.
370 silly tarball no local data for express@https://registry.npmjs.org/express/-/express-4.19.2.tgz. Extracting by manifest.
371 silly tarball no local data for ms@https://registry.npmjs.org/ms/-/ms-2.1.3.tgz. Extracting by manifest.
372 http fetch POST 200 https://registry.npmjs.org/-/npm/v1/security/advisories/bulk 468ms
373 timing auditReport:getReport Completed in 475ms
374 silly audit report {}
375 timing auditReport:init Completed in 0ms
376 timing reify:audit Completed in 477ms
377 http fetch GET 200 https://registry.npmjs.org/gopd/-/gopd-1.0.1.tgz 975ms (cache miss)
378 timing reifyNode:node_modules/gopd Completed in 1033ms
379 http fetch GET 200 https://registry.npmjs.org/ee-first/-/ee-first-1.1.1.tgz 908ms (cache miss)
380 timing reifyNode:node_modules/ee-first Completed in 1039ms
381 http fetch GET 200 https://registry.npmjs.org/has-property-descriptors/-/has-property-descriptors-1.0.2.tgz 993ms (cache miss)
382 http fetch GET 200 https://registry.npmjs.org/media-typer/-/media-typer-0.3.0.tgz 951ms (cache miss)
383 timing reifyNode:node_modules/media-typer Completed in 1049ms
384 http fetch GET 200 https://registry.npmjs.org/forwarded/-/forwarded-0.2.0.tgz 922ms (cache miss)
385 timing reifyNode:node_modules/forwarded Completed in 1050ms
386 http fetch GET 200 https://registry.npmjs.org/toidentifier/-/toidentifier-1.0.1.tgz 906ms (cache miss)
387 timing reifyNode:node_modules/toidentifier Completed in 1051ms
388 http fetch GET 200 https://registry.npmjs.org/unpipe/-/unpipe-1.0.0.tgz 900ms (cache miss)
389 timing reifyNode:node_modules/unpipe Completed in 1052ms
390 http fetch GET 200 https://registry.npmjs.org/setprototypeof/-/setprototypeof-1.2.0.tgz 856ms (cache miss)
391 timing reifyNode:node_modules/setprototypeof Completed in 1050ms
392 http fetch GET 200 https://registry.npmjs.org/safe-buffer/-/safe-buffer-5.2.1.tgz 848ms (cache miss)
393 timing reifyNode:node_modules/safe-buffer Completed in 1050ms
394 http fetch GET 200 https://registry.npmjs.org/on-finished/-/on-finished-2.4.1.tgz 836ms (cache miss)
395 timing reifyNode:node_modules/on-finished Completed in 1051ms
396 timing reifyNode:node_modules/has-property-descriptors Completed in 1060ms
397 http fetch GET 200 https://registry.npmjs.org/negotiator/-/negotiator-0.6.3.tgz 885ms (cache miss)
398 http fetch GET 200 https://registry.npmjs.org/inherits/-/inherits-2.0.4.tgz 913ms (cache miss)
399 timing reifyNode:node_modules/inherits Completed in 1060ms
400 http fetch GET 200 https://registry.npmjs.org/utils-merge/-/utils-merge-1.0.1.tgz 879ms (cache miss)
401 timing reifyNode:node_modules/utils-merge Completed in 1060ms
402 http fetch GET 200 https://registry.npmjs.org/methods/-/methods-1.1.2.tgz 840ms (cache miss)
403 timing reifyNode:node_modules/methods Completed in 1060ms
404 http fetch GET 200 https://registry.npmjs.org/define-data-property/-/define-data-property-1.1.4.tgz 1004ms (cache miss)
405 http fetch GET 200 https://registry.npmjs.org/set-function-length/-/set-function-length-1.2.2.tgz 998ms (cache miss)
406 http fetch GET 200 https://registry.npmjs.org/hasown/-/hasown-2.0.2.tgz 1003ms (cache miss)
407 http fetch GET 200 https://registry.npmjs.org/side-channel/-/side-channel-1.0.6.tgz 948ms (cache miss)
408 http fetch GET 200 https://registry.npmjs.org/range-parser/-/range-parser-1.2.1.tgz 862ms (cache miss)
409 timing reifyNode:node_modules/range-parser Completed in 1066ms
410 http fetch GET 200 https://registry.npmjs.org/vary/-/vary-1.1.2.tgz 887ms (cache miss)
411 timing reifyNode:node_modules/vary Completed in 1067ms
412 http fetch GET 200 https://registry.npmjs.org/parseurl/-/parseurl-1.3.3.tgz 854ms (cache miss)
413 timing reifyNode:node_modules/parseurl Completed in 1066ms
414 timing reifyNode:node_modules/hasown Completed in 1071ms
415 http fetch GET 200 https://registry.npmjs.org/ms/-/ms-2.0.0.tgz 924ms (cache miss)
416 timing reifyNode:node_modules/ms Completed in 1074ms
417 http fetch GET 200 https://registry.npmjs.org/mime/-/mime-1.6.0.tgz 958ms (cache miss)
418 http fetch GET 200 https://registry.npmjs.org/destroy/-/destroy-1.2.0.tgz 907ms (cache miss)
419 timing reifyNode:node_modules/destroy Completed in 1072ms
420 http fetch GET 200 https://registry.npmjs.org/cookie-signature/-/cookie-signature-1.0.6.tgz 824ms (cache miss)
421 timing reifyNode:node_modules/cookie-signature Completed in 1070ms
422 http fetch GET 200 https://registry.npmjs.org/bytes/-/bytes-3.1.2.tgz 907ms (cache miss)
423 timing reifyNode:node_modules/bytes Completed in 1074ms
424 http fetch GET 200 https://registry.npmjs.org/finalhandler/-/finalhandler-1.2.0.tgz 846ms (cache miss)
425 timing reifyNode:node_modules/finalhandler Completed in 1073ms
426 http fetch GET 200 https://registry.npmjs.org/etag/-/etag-1.8.1.tgz 845ms (cache miss)
427 timing reifyNode:node_modules/etag Completed in 1073ms
428 http fetch GET 200 https://registry.npmjs.org/statuses/-/statuses-2.0.1.tgz 882ms (cache miss)
429 timing reifyNode:node_modules/statuses Completed in 1075ms
430 http fetch GET 200 https://registry.npmjs.org/http-errors/-/http-errors-2.0.0.tgz 851ms (cache miss)
431 timing reifyNode:node_modules/http-errors Completed in 1074ms
432 http fetch GET 200 https://registry.npmjs.org/es-define-property/-/es-define-property-1.0.0.tgz 999ms (cache miss)
433 timing reifyNode:node_modules/negotiator Completed in 1079ms
434 http fetch GET 200 https://registry.npmjs.org/serve-static/-/serve-static-1.15.0.tgz 881ms (cache miss)
435 timing reifyNode:node_modules/serve-static Completed in 1079ms
436 http fetch GET 200 https://registry.npmjs.org/merge-descriptors/-/merge-descriptors-1.0.1.tgz 862ms (cache miss)
437 timing reifyNode:node_modules/merge-descriptors Completed in 1083ms
438 http fetch GET 200 https://registry.npmjs.org/encodeurl/-/encodeurl-1.0.2.tgz 848ms (cache miss)
439 timing reifyNode:node_modules/encodeurl Completed in 1085ms
440 http fetch GET 200 https://registry.npmjs.org/type-is/-/type-is-1.6.18.tgz 902ms (cache miss)
441 timing reifyNode:node_modules/type-is Completed in 1087ms
442 timing reifyNode:node_modules/define-data-property Completed in 1091ms
443 http fetch GET 200 https://registry.npmjs.org/has-proto/-/has-proto-1.0.3.tgz 1025ms (cache miss)
444 timing reifyNode:node_modules/has-proto Completed in 1092ms
445 timing reifyNode:node_modules/set-function-length Completed in 1092ms
446 http fetch GET 200 https://registry.npmjs.org/function-bind/-/function-bind-1.1.2.tgz 1019ms (cache miss)
447 timing reifyNode:node_modules/side-channel Completed in 1092ms
448 timing reifyNode:node_modules/mime Completed in 1093ms
449 http fetch GET 200 https://registry.npmjs.org/cookie/-/cookie-0.6.0.tgz 838ms (cache miss)
450 timing reifyNode:node_modules/cookie Completed in 1090ms
451 http fetch GET 200 https://registry.npmjs.org/send/-/send-0.18.0.tgz 893ms (cache miss)
452 timing reifyNode:node_modules/send Completed in 1093ms
453 http fetch GET 200 https://registry.npmjs.org/fresh/-/fresh-0.5.2.tgz 868ms (cache miss)
454 timing reifyNode:node_modules/fresh Completed in 1092ms
455 http fetch GET 200 https://registry.npmjs.org/escape-html/-/escape-html-1.0.3.tgz 859ms (cache miss)
456 timing reifyNode:node_modules/escape-html Completed in 1093ms
457 http fetch GET 200 https://registry.npmjs.org/path-to-regexp/-/path-to-regexp-0.1.7.tgz 883ms (cache miss)
458 timing reifyNode:node_modules/path-to-regexp Completed in 1094ms
459 http fetch GET 200 https://registry.npmjs.org/array-flatten/-/array-flatten-1.1.1.tgz 820ms (cache miss)
460 timing reifyNode:node_modules/array-flatten Completed in 1094ms
461 http fetch GET 200 https://registry.npmjs.org/raw-body/-/raw-body-2.5.2.tgz 936ms (cache miss)
462 timing reifyNode:node_modules/raw-body Completed in 1100ms
463 timing reifyNode:node_modules/es-define-property Completed in 1104ms
464 http fetch GET 200 https://registry.npmjs.org/content-type/-/content-type-1.0.5.tgz 842ms (cache miss)
465 timing reifyNode:node_modules/content-type Completed in 1099ms
466 http fetch GET 200 https://registry.npmjs.org/content-disposition/-/content-disposition-0.5.4.tgz 838ms (cache miss)
467 timing reifyNode:node_modules/content-disposition Completed in 1099ms
468 http fetch GET 200 https://registry.npmjs.org/proxy-addr/-/proxy-addr-2.0.7.tgz 894ms (cache miss)
469 timing reifyNode:node_modules/proxy-addr Completed in 1102ms
470 http fetch GET 200 https://registry.npmjs.org/mime-types/-/mime-types-2.1.35.tgz 926ms (cache miss)
471 timing reifyNode:node_modules/mime-types Completed in 1102ms
472 http fetch GET 200 https://registry.npmjs.org/depd/-/depd-2.0.0.tgz 862ms (cache miss)
473 timing reifyNode:node_modules/depd Completed in 1101ms
474 timing reifyNode:node_modules/function-bind Completed in 1108ms
475 http fetch GET 200 https://registry.npmjs.org/ms/-/ms-2.1.3.tgz 740ms (cache miss)
476 timing reifyNode:node_modules/send/node_modules/ms Completed in 1104ms
477 http fetch GET 200 https://registry.npmjs.org/get-intrinsic/-/get-intrinsic-1.2.4.tgz 1002ms (cache miss)
478 http fetch GET 200 https://registry.npmjs.org/call-bind/-/call-bind-1.0.7.tgz 997ms (cache miss)
479 timing reifyNode:node_modules/call-bind Completed in 1111ms
480 http fetch GET 200 https://registry.npmjs.org/es-errors/-/es-errors-1.3.0.tgz 1000ms (cache miss)
481 http fetch GET 200 https://registry.npmjs.org/accepts/-/accepts-1.3.8.tgz 831ms (cache miss)
482 timing reifyNode:node_modules/accepts Completed in 1107ms
483 http fetch GET 200 https://registry.npmjs.org/ipaddr.js/-/ipaddr.js-1.9.1.tgz 986ms (cache miss)
484 timing reifyNode:node_modules/ipaddr.js Completed in 1112ms
485 timing reifyNode:node_modules/get-intrinsic Completed in 1115ms
486 timing reifyNode:node_modules/es-errors Completed in 1115ms
487 http fetch GET 200 https://registry.npmjs.org/has-symbols/-/has-symbols-1.0.3.tgz 1054ms (cache miss)
488 timing reifyNode:node_modules/has-symbols Completed in 1119ms
489 http fetch GET 200 https://registry.npmjs.org/safer-buffer/-/safer-buffer-2.1.2.tgz 976ms (cache miss)
490 timing reifyNode:node_modules/safer-buffer Completed in 1118ms
491 http fetch GET 200 https://registry.npmjs.org/debug/-/debug-2.6.9.tgz 880ms (cache miss)
492 http fetch GET 200 https://registry.npmjs.org/mime-db/-/mime-db-1.52.0.tgz 992ms (cache miss)
493 timing reifyNode:node_modules/mime-db Completed in 1126ms
494 timing reifyNode:node_modules/debug Completed in 1125ms
495 http fetch GET 200 https://registry.npmjs.org/body-parser/-/body-parser-1.20.2.tgz 860ms (cache miss)
496 timing reifyNode:node_modules/body-parser Completed in 1126ms
497 http fetch GET 200 https://registry.npmjs.org/express/-/express-4.19.2.tgz 783ms (cache miss)
498 timing reifyNode:node_modules/express Completed in 1138ms
499 http fetch GET 200 https://registry.npmjs.org/qs/-/qs-6.11.0.tgz 938ms (cache miss)
500 timing reifyNode:node_modules/qs Completed in 1143ms
501 http fetch GET 200 https://registry.npmjs.org/object-inspect/-/object-inspect-1.13.2.tgz 1068ms (cache miss)
502 timing reifyNode:node_modules/object-inspect Completed in 1156ms
503 http fetch GET 200 https://registry.npmjs.org/iconv-lite/-/iconv-lite-0.4.24.tgz 999ms (cache miss)
504 timing reifyNode:node_modules/iconv-lite Completed in 1163ms
505 timing reify:unpack Completed in 1167ms
506 timing reify:unretire Completed in 1ms
507 timing build:queue Completed in 7ms
508 timing build:link:node_modules/mime Completed in 4ms
509 timing build:link Completed in 5ms
510 timing build:deps Completed in 13ms
511 timing build Completed in 14ms
512 timing reify:build Completed in 14ms
513 timing reify:trash Completed in 0ms
514 timing reify:save Completed in 69ms
515 timing reify Completed in 3798ms
516 silly ADD node_modules/media-typer
517 silly ADD node_modules/has-property-descriptors
518 silly ADD node_modules/gopd
519 silly ADD node_modules/define-data-property
520 silly ADD node_modules/hasown
521 silly ADD node_modules/has-symbols
522 silly ADD node_modules/has-proto
523 silly ADD node_modules/set-function-length
524 silly ADD node_modules/function-bind
525 silly ADD node_modules/es-define-property
526 silly ADD node_modules/object-inspect
527 silly ADD node_modules/get-intrinsic
528 silly ADD node_modules/es-errors
529 silly ADD node_modules/call-bind
530 silly ADD node_modules/mime
531 silly ADD node_modules/side-channel
532 silly ADD node_modules/ipaddr.js
533 silly ADD node_modules/forwarded
534 silly ADD node_modules/ee-first
535 silly ADD node_modules/mime-db
536 silly ADD node_modules/safer-buffer
537 silly ADD node_modules/toidentifier
538 silly ADD node_modules/inherits
539 silly ADD node_modules/ms
540 silly ADD node_modules/unpipe
541 silly ADD node_modules/raw-body
542 silly ADD node_modules/iconv-lite
543 silly ADD node_modules/destroy
544 silly ADD node_modules/bytes
545 silly ADD node_modules/negotiator
546 silly ADD node_modules/mime-types
547 silly ADD node_modules/vary
548 silly ADD node_modules/utils-merge
549 silly ADD node_modules/type-is
550 silly ADD node_modules/statuses
551 silly ADD node_modules/setprototypeof
552 silly ADD node_modules/serve-static
553 silly ADD node_modules/send
554 silly ADD node_modules/send/node_modules/ms
555 silly ADD node_modules/safe-buffer
556 silly ADD node_modules/range-parser
557 silly ADD node_modules/qs
558 silly ADD node_modules/proxy-addr
559 silly ADD node_modules/path-to-regexp
560 silly ADD node_modules/parseurl
561 silly ADD node_modules/on-finished
562 silly ADD node_modules/methods
563 silly ADD node_modules/merge-descriptors
564 silly ADD node_modules/http-errors
565 silly ADD node_modules/fresh
566 silly ADD node_modules/finalhandler
567 silly ADD node_modules/etag
568 silly ADD node_modules/escape-html
569 silly ADD node_modules/encodeurl
570 silly ADD node_modules/depd
571 silly ADD node_modules/debug
572 silly ADD node_modules/cookie-signature
573 silly ADD node_modules/cookie
574 silly ADD node_modules/content-type
575 silly ADD node_modules/content-disposition
576 silly ADD node_modules/body-parser
577 silly ADD node_modules/array-flatten
578 silly ADD node_modules/accepts
579 silly ADD node_modules/express
580 timing command:install Completed in 3818ms
581 verbose exit 0
582 timing npm Completed in 3901ms
583 info ok
